<html>
<head>
<title>TestNG:  Selenium  Regular SignUp With same settings as for test 1.1 (regular signup) with verify email upon account registration active Send confirmation link and confirm email does not match Verify Email upon account registration is checked</title>
<link href="../testng.css" rel="stylesheet" type="text/css" />
<link href="../my-testng.css" rel="stylesheet" type="text/css" />

<style type="text/css">
.log { display: none;} 
.stack-trace { display: none;} 
</style>
<script type="text/javascript">
<!--
function flip(e) {
  current = e.style.display;
  if (current == 'block') {
    e.style.display = 'none';
    return 0;
  }
  else {
    e.style.display = 'block';
    return 1;
  }
}

function toggleBox(szDivId, elem, msg1, msg2)
{
  var res = -1;  if (document.getElementById) {
    res = flip(document.getElementById(szDivId));
  }
  else if (document.all) {
    // this is the way old msie versions work
    res = flip(document.all[szDivId]);
  }
  if(elem) {
    if(res == 0) elem.innerHTML = msg1; else elem.innerHTML = msg2;
  }

}

function toggleAllBoxes() {
  if (document.getElementsByTagName) {
    d = document.getElementsByTagName('div');
    for (i = 0; i < d.length; i++) {
      if (d[i].className == 'log') {
        flip(d[i]);
      }
    }
  }
}

// -->
</script>

</head>
<body>
<h2 align='center'>Selenium  Regular SignUp With same settings as for test 1.1 (regular signup) with verify email upon account registration active Send confirmation link and confirm email does not match Verify Email upon account registration is checked</h2><table border='1' align="center">
<tr>
<td>Tests passed/Failed/Skipped:</td><td>0/1/0</td>
</tr><tr>
<td>Started on:</td><td>Fri Nov 14 12:19:53 IST 2014</td>
</tr>
<tr><td>Total time:</td><td>2095 seconds (2095090 ms)</td>
</tr><tr>
<td>Included groups:</td><td></td>
</tr><tr>
<td>Excluded groups:</td><td></td>
</tr>
</table><p/>
<small><i>(Hover the method name to see the test class name)</i></small><p/>
<table width='100%' border='1' class='invocation-failed'>
<tr><td colspan='4' align='center'><b>FAILED TESTS</b></td></tr>
<tr><td><b>Test method</b></td>
<td width="30%"><b>Exception</b></td>
<td width="10%"><b>Time (seconds)</b></td>
<td><b>Instance</b></td>
</tr>
<tr>
<td title='com.auction.verifications.Index.regularSignupWithSameSettingsasForWithVerifyEmailUponAccountRegistrationActiveAndSendConfirmationLinkWithVerifyEmailUponAccountRegistrationIsChecked()'><b>regularSignupWithSameSettingsasForWithVerifyEmailUponAccountRegistrationActiveAndSendConfirmationLinkWithVerifyEmailUponAccountRegistrationIsChecked</b><br>Test class: com.auction.verifications.Index<br>Parameters: admin, 123123<br/>
<a href="#Output-1825326546" onClick='toggleBox("Output-1825326546", this, "Show output", "Hide output");'>Show output</a>

<a href="#Output-1825326546" onClick="toggleAllBoxes();">Show all outputs</a>
<div class='log' id="Output-1825326546">
Feature-UAT"Regular SignUp Feature,TestCase Name: 1.147 Regular SignUp With same settings as for test 1.1 (regular signup) with Verify Email up on Account Registration Is Checked.<br/>
<br></br> Step 1 : Enter the URL in browser address bar and hit enter.<br/>
<br></br> Step :: Click on admin signin Link link.<br/>
<br></br> Step :: Enter admin User Name ::<br/>
<br></br> Step :: Enter admin Password ::<br/>
<br></br> Step :: Click on signin button ::<br/>
<br></br> Step :: Click on settings tab. ::<br/>
<br></br> Step :: Click on manage system parameters. ::<br/>
<br></br> Step :: Click on user option link. ::<br/>
<br></br> Step :: "maximize the registration settings." ::<br/>
<br></br>Step  :: Click on save changes button.<br/>
<br></br>Step  :: Click on "Ok " alert<br/>
<br></br> Step  :: Click on logout from Admin<br/>
<br></br> Step  :: go to frontend<br/>
<br></br> Step 12 :: SignupUSer Details.<br/>
<br></br> Step 13 :: Enter User Name<br/>
<br></br> Step 14 :: Enter Password<br/>
<br></br> Step 15 :: Enter Confirm Password<br/>
<br></br> Step 16 :: Enter Email<br/>
<br></br> Step 17 :: Enter First Name.<br/>
<br></br> Step 18 :: Enter Last Name.<br/>
<br></br>Step  :: Phone Type.<br/>
<br></br>Step  :: Select Contact Phone Type.<br/>
<br> <b>Please look to the screenshot - </b><br/>
</div>
</td>
<td><div><pre>org.openqa.selenium.WebDriverException: Error communicating with the remote browser. It may have died.
Build info: version: &apos;2.44.0&apos;, revision: &apos;76d78cf&apos;, time: &apos;2014-10-23 20:02:37&apos;
System info: host: &apos;Rahul-2.local&apos;, ip: &apos;192.168.0.105&apos;, os.name: &apos;Mac OS X&apos;, os.arch: &apos;x86_64&apos;, os.version: &apos;10.10&apos;, java.version: &apos;1.7.0_67&apos;
Driver info: driver.version: EventFiringWebDriver
Command duration or timeout: 798 milliseconds
Build info: version: &apos;2.44.0&apos;, revision: &apos;76d78cf&apos;, time: &apos;2014-10-23 20:02:37&apos;
System info: host: &apos;Rahul-2.local&apos;, ip: &apos;192.168.0.105&apos;, os.name: &apos;Mac OS X&apos;, os.arch: &apos;x86_64&apos;, os.version: &apos;10.10&apos;, java.version: &apos;1.7.0_67&apos;
Session ID: bef22d68-502b-494b-ae48-42d6db247389
Driver info: org.openqa.selenium.remote.RemoteWebDriver
Capabilities [{platform=MAC, javascriptEnabled=true, acceptSslCerts=true, browserName=firefox, rotatable=false, locationContextEnabled=true, webdriver.remote.sessionid=bef22d68-502b-494b-ae48-42d6db247389, version=31.0, databaseEnabled=true, cssSelectorsEnabled=true, handlesAlerts=true, webStorageEnabled=true, nativeEvents=false, applicationCacheEnabled=true, takesScreenshot=true}]
	at sun.reflect.NativeConstructorAccessorImpl.newInstance0(Native Method)
	at sun.reflect.NativeConstructorAccessorImpl.newInstance(NativeConstructorAccessorImpl.java:57)
	at sun.reflect.DelegatingConstructorAccessorImpl.newInstance(DelegatingConstructorAccessorImpl.java:45)
	at java.lang.reflect.Constructor.newInstance(Constructor.java:526)
	at org.openqa.selenium.remote.ErrorHandler.createThrowable(ErrorHandler.java:204)
	at org.openqa.selenium.remote.ErrorHandler.throwIfResponseFailed(ErrorHandler.java:156)
	at org.openqa.selenium.remote.RemoteWebDriver.execute(RemoteWebDriver.java:599)
	at org.openqa.selenium.remote.RemoteWebDriver.findElement(RemoteWebDriver.java:352)
	at org.openqa.selenium.remote.RemoteWebDriver.findElementByXPath(RemoteWebDriver.java:449)
	at org.openqa.selenium.By$ByXPath.findElement(By.java:357)
	at org.openqa.selenium.remote.RemoteWebDriver.findElement(RemoteWebDriver.java:344)
	at org.openqa.selenium.support.pagefactory.DefaultElementLocator.findElement(DefaultElementLocator.java:59)
	at org.openqa.selenium.support.pagefactory.AjaxElementLocator.access$0(AjaxElementLocator.java:1)
	at org.openqa.selenium.support.pagefactory.AjaxElementLocator$SlowLoadingElement.isLoaded(AjaxElementLocator.java:140)
	at org.openqa.selenium.support.ui.SlowLoadableComponent.get(SlowLoadableComponent.java:48)
	at org.openqa.selenium.support.pagefactory.AjaxElementLocator.findElement(AjaxElementLocator.java:70)
	at org.openqa.selenium.support.pagefactory.internal.LocatingElementHandler.invoke(LocatingElementHandler.java:37)
	at com.sun.proxy.$Proxy10.findElement(Unknown Source)
	at com.auction.pages.SignupPage.enterBillInfo(SignupPage.java:242)
	at com.auction.pages.SignupPage.verifyemailandConfirmemailWithAccountNotVerifiedAndConfirmEmailDoesNotMatchVerifiedEmailUponAccountRegistrationChecked(SignupPage.java:11676)
	at com.auction.verifications.Index.regularSignupWithSameSettingsasForWithVerifyEmailUponAccountRegistrationActiveAndSendConfirmationLinkWithVerifyEmailUponAccountRegistrationIsChecked(Index.java:4053)
	at sun.reflect.NativeMethodAccessorImpl.invoke0(Native Method)
	at sun.reflect.NativeMethodAccessorImpl.invoke(NativeMethodAccessorImpl.java:57)
	at sun.reflect.DelegatingMethodAccessorImpl.invoke(DelegatingMethodAccessorImpl.java:43)
	at java.lang.reflect.Method.invoke(Method.java:606)
	at org.testng.internal.MethodInvocationHelper.invokeMethod(MethodInvocationHelper.java:84)
	at org.testng.internal.Invoker.invokeMethod(Invoker.java:714)
	at org.testng.internal.Invoker.invokeTestMethod(Invoker.java:901)
	at org.testng.internal.Invoker.invokeTestMethods(Invoker.java:1231)
	at org.testng.internal.TestMethodWorker.invokeTestMethods(TestMethodWorker.java:127)
	at org.testng.internal.TestMethodWorker.run(TestMethodWorker.java:111)
	at org.testng.TestRunner.privateRun(TestRunner.java:767)
	at org.testng.TestRunner.run(TestRunner.java:617)
	at org.testng.SuiteRunner.runTest(SuiteRunner.java:334)
	at org.testng.SuiteRunner.access$000(SuiteRunner.java:37)
	at org.testng.SuiteRunner$SuiteWorker.run(SuiteRunner.java:368)
	at org.testng.internal.thread.ThreadUtil$2.call(ThreadUtil.java:64)
	at java.util.concurrent.FutureTask.run(FutureTask.java:262)
	at java.util.concurrent.ThreadPoolExecutor.runWorker(ThreadPoolExecutor.java:1145)
	at java.util.concurrent.ThreadPoolExecutor$Worker.run(ThreadPoolExecutor.java:615)
	at java.lang.Thread.run(Thread.java:745)
Caused by: org.openqa.selenium.remote.UnreachableBrowserException: Error communicating with the remote browser. It may have died.
Build info: version: &apos;2.44.0&apos;, revision: &apos;76d78cf&apos;, time: &apos;2014-10-23 20:02:37&apos;
System info: host: &apos;Rahul-2.local&apos;, ip: &apos;192.168.0.105&apos;, os.name: &apos;Mac OS X&apos;, os.arch: &apos;x86_64&apos;, os.version: &apos;10.10&apos;, java.version: &apos;1.7.0_67&apos;
Driver info: driver.version: EventFiringWebDriver
Build info: version: &apos;2.44.0&apos;, revision: &apos;76d78cf&apos;, time: &apos;2014-10-23 20:02:37&apos;
System info: host: &apos;Rahul-2.local&apos;, ip: &apos;192.168.0.105&apos;, os.name: &apos;Mac OS X&apos;, os.arch: &apos;x86_64&apos;, os.version: &apos;10.10&apos;, java.version: &apos;1.7.0_67&apos;
Driver info: driver.version: unknown
</pre></div><a href='#' onClick='toggleBox("stack-trace1825326546", this, "Click to show all stack frames", "Click to hide stack frames")'>Click to show all stack frames</a>
<div class='stack-trace' id='stack-trace1825326546'><pre>org.openqa.selenium.WebDriverException: Error communicating with the remote browser. It may have died.
Build info: version: &apos;2.44.0&apos;, revision: &apos;76d78cf&apos;, time: &apos;2014-10-23 20:02:37&apos;
System info: host: &apos;Rahul-2.local&apos;, ip: &apos;192.168.0.105&apos;, os.name: &apos;Mac OS X&apos;, os.arch: &apos;x86_64&apos;, os.version: &apos;10.10&apos;, java.version: &apos;1.7.0_67&apos;
Driver info: driver.version: EventFiringWebDriver
Command duration or timeout: 798 milliseconds
Build info: version: &apos;2.44.0&apos;, revision: &apos;76d78cf&apos;, time: &apos;2014-10-23 20:02:37&apos;
System info: host: &apos;Rahul-2.local&apos;, ip: &apos;192.168.0.105&apos;, os.name: &apos;Mac OS X&apos;, os.arch: &apos;x86_64&apos;, os.version: &apos;10.10&apos;, java.version: &apos;1.7.0_67&apos;
Session ID: bef22d68-502b-494b-ae48-42d6db247389
Driver info: org.openqa.selenium.remote.RemoteWebDriver
Capabilities [{platform=MAC, javascriptEnabled=true, acceptSslCerts=true, browserName=firefox, rotatable=false, locationContextEnabled=true, webdriver.remote.sessionid=bef22d68-502b-494b-ae48-42d6db247389, version=31.0, databaseEnabled=true, cssSelectorsEnabled=true, handlesAlerts=true, webStorageEnabled=true, nativeEvents=false, applicationCacheEnabled=true, takesScreenshot=true}]
	at sun.reflect.NativeConstructorAccessorImpl.newInstance0(Native Method)
	at sun.reflect.NativeConstructorAccessorImpl.newInstance(NativeConstructorAccessorImpl.java:57)
	at sun.reflect.DelegatingConstructorAccessorImpl.newInstance(DelegatingConstructorAccessorImpl.java:45)
	at java.lang.reflect.Constructor.newInstance(Constructor.java:526)
	at org.openqa.selenium.remote.ErrorHandler.createThrowable(ErrorHandler.java:204)
	at org.openqa.selenium.remote.ErrorHandler.throwIfResponseFailed(ErrorHandler.java:156)
	at org.openqa.selenium.remote.RemoteWebDriver.execute(RemoteWebDriver.java:599)
	at org.openqa.selenium.remote.RemoteWebDriver.findElement(RemoteWebDriver.java:352)
	at org.openqa.selenium.remote.RemoteWebDriver.findElementByXPath(RemoteWebDriver.java:449)
	at org.openqa.selenium.By$ByXPath.findElement(By.java:357)
	at org.openqa.selenium.remote.RemoteWebDriver.findElement(RemoteWebDriver.java:344)
	at org.openqa.selenium.support.pagefactory.DefaultElementLocator.findElement(DefaultElementLocator.java:59)
	at org.openqa.selenium.support.pagefactory.AjaxElementLocator.access$0(AjaxElementLocator.java:1)
	at org.openqa.selenium.support.pagefactory.AjaxElementLocator$SlowLoadingElement.isLoaded(AjaxElementLocator.java:140)
	at org.openqa.selenium.support.ui.SlowLoadableComponent.get(SlowLoadableComponent.java:48)
	at org.openqa.selenium.support.pagefactory.AjaxElementLocator.findElement(AjaxElementLocator.java:70)
	at org.openqa.selenium.support.pagefactory.internal.LocatingElementHandler.invoke(LocatingElementHandler.java:37)
	at com.sun.proxy.$Proxy10.findElement(Unknown Source)
	at com.auction.pages.SignupPage.enterBillInfo(SignupPage.java:242)
	at com.auction.pages.SignupPage.verifyemailandConfirmemailWithAccountNotVerifiedAndConfirmEmailDoesNotMatchVerifiedEmailUponAccountRegistrationChecked(SignupPage.java:11676)
	at com.auction.verifications.Index.regularSignupWithSameSettingsasForWithVerifyEmailUponAccountRegistrationActiveAndSendConfirmationLinkWithVerifyEmailUponAccountRegistrationIsChecked(Index.java:4053)
	at sun.reflect.NativeMethodAccessorImpl.invoke0(Native Method)
	at sun.reflect.NativeMethodAccessorImpl.invoke(NativeMethodAccessorImpl.java:57)
	at sun.reflect.DelegatingMethodAccessorImpl.invoke(DelegatingMethodAccessorImpl.java:43)
	at java.lang.reflect.Method.invoke(Method.java:606)
	at org.testng.internal.MethodInvocationHelper.invokeMethod(MethodInvocationHelper.java:84)
	at org.testng.internal.Invoker.invokeMethod(Invoker.java:714)
	at org.testng.internal.Invoker.invokeTestMethod(Invoker.java:901)
	at org.testng.internal.Invoker.invokeTestMethods(Invoker.java:1231)
	at org.testng.internal.TestMethodWorker.invokeTestMethods(TestMethodWorker.java:127)
	at org.testng.internal.TestMethodWorker.run(TestMethodWorker.java:111)
	at org.testng.TestRunner.privateRun(TestRunner.java:767)
	at org.testng.TestRunner.run(TestRunner.java:617)
	at org.testng.SuiteRunner.runTest(SuiteRunner.java:334)
	at org.testng.SuiteRunner.access$000(SuiteRunner.java:37)
	at org.testng.SuiteRunner$SuiteWorker.run(SuiteRunner.java:368)
	at org.testng.internal.thread.ThreadUtil$2.call(ThreadUtil.java:64)
	at java.util.concurrent.FutureTask.run(FutureTask.java:262)
	at java.util.concurrent.ThreadPoolExecutor.runWorker(ThreadPoolExecutor.java:1145)
	at java.util.concurrent.ThreadPoolExecutor$Worker.run(ThreadPoolExecutor.java:615)
	at java.lang.Thread.run(Thread.java:745)
Caused by: org.openqa.selenium.remote.UnreachableBrowserException: Error communicating with the remote browser. It may have died.
Build info: version: &apos;2.44.0&apos;, revision: &apos;76d78cf&apos;, time: &apos;2014-10-23 20:02:37&apos;
System info: host: &apos;Rahul-2.local&apos;, ip: &apos;192.168.0.105&apos;, os.name: &apos;Mac OS X&apos;, os.arch: &apos;x86_64&apos;, os.version: &apos;10.10&apos;, java.version: &apos;1.7.0_67&apos;
Driver info: driver.version: EventFiringWebDriver
Build info: version: &apos;2.44.0&apos;, revision: &apos;76d78cf&apos;, time: &apos;2014-10-23 20:02:37&apos;
System info: host: &apos;Rahul-2.local&apos;, ip: &apos;192.168.0.105&apos;, os.name: &apos;Mac OS X&apos;, os.arch: &apos;x86_64&apos;, os.version: &apos;10.10&apos;, java.version: &apos;1.7.0_67&apos;
Driver info: driver.version: unknown
</pre></div></td>
<td>2076</td>
<td>com.auction.verifications.Index@52c22530</td></tr>
</table><p>
</body>
</html>